2024-02-29 00:03:54 (+0100) - INFO - graphi_task_manager : [update_rates] Task added for execution.

2024-02-29 00:03:54 (+0100) - INFO - graphi_task_manager : [update_rates] Executing task...

2024-02-29 00:03:59 (+0100) - INFO - graphi_task_manager : [update_rates] Task execution completed in 4.9801 seconds.

2024-02-29 00:05:24 (+0100) - INFO - graphi_task_manager : [update_rates] Task added for execution.

2024-02-29 00:05:24 (+0100) - INFO - graphi_task_manager : [update_rates] Executing task...

2024-02-29 00:05:26 (+0100) - INFO - graphi_task_manager : [update_rates] Task execution completed in 2.5316 seconds.

2024-02-29 00:06:18 (+0100) - INFO - graphi_task_manager : [update_rates] Task added for execution.

2024-02-29 00:06:18 (+0100) - INFO - graphi_task_manager : [update_rates] Executing task...

2024-02-29 00:06:21 (+0100) - INFO - graphi_task_manager : [update_rates] Task execution completed in 2.4036 seconds.

2024-02-29 00:06:47 (+0100) - INFO - graphi_task_manager : [update_rates] Task added for execution.

2024-02-29 00:06:47 (+0100) - INFO - graphi_task_manager : [update_rates] Executing task...

2024-02-29 00:06:50 (+0100) - INFO - graphi_task_manager : [update_rates] Task execution completed in 2.8367 seconds.

2024-02-29 00:07:20 (+0100) - INFO - graphi_task_manager : [update_rates] Task added for execution.

2024-02-29 00:07:20 (+0100) - INFO - graphi_task_manager : [update_rates] Executing task...

2024-02-29 00:07:23 (+0100) - INFO - graphi_task_manager : [update_rates] Task execution completed in 2.7832 seconds.

2024-02-29 00:07:36 (+0100) - WARNING - Unauthorized: /stores/authorize/
2024-02-29 00:07:46 (+0100) - WARNING - Forbidden: /stores/amadis-shop-939edc7f/sales/new/
2024-02-29 00:07:49 (+0100) - WARNING - Forbidden: /stores/amadis-shop-939edc7f/sales/new/
2024-02-29 00:07:50 (+0100) - WARNING - Forbidden: /stores/amadis-shop-939edc7f/sales/new/
2024-02-29 00:07:53 (+0100) - WARNING - Forbidden: /stores/amadis-shop-939edc7f/sales/new/
